# JRE version: OpenJDK Runtime Environment (8.0_265-b01) (build 1.8.0_265-b01)
# Java VM: OpenJDK 64-Bit Server VM (25.265-b01 mixed mode windows-amd64 compressed oops)
Heap:
 PSYoungGen      total 1305088K, used 186490K [0x000000076b580000, 0x00000007c0000000, 0x00000007c0000000)
  eden space 1289728K, 14% used [0x000000076b580000,0x0000000776b9ea20,0x00000007ba100000)
  from space 15360K, 0% used [0x00000007bf100000,0x00000007bf100000,0x00000007c0000000)
  to   space 48640K, 0% used [0x00000007ba100000,0x00000007ba100000,0x00000007bd080000)
 ParOldGen       total 264704K, used 210245K [0x00000006c2000000, 0x00000006d2280000, 0x000000076b580000)
  object space 264704K, 79% used [0x00000006c2000000,0x00000006ced51550,0x00000006d2280000)
 Metaspace       used 48189K, capacity 50696K, committed 50984K, reserved 1097728K
  class space    used 5628K, capacity 6702K, committed 6704K, reserved 1048576K
GC Heap History (10 events):
Event: 14.394 GC heap before
{Heap before GC invocations=49 (full 2):
 PSYoungGen      total 1362432K, used 1362416K [0x000000076b580000, 0x00000007c0000000, 0x00000007c0000000)
  eden space 1352704K, 100% used [0x000000076b580000,0x00000007bde80000,0x00000007bde80000)
  from space 9728K, 99% used [0x00000007bef00000,0x00000007bf87c060,0x00000007bf880000)
  to   space 16896K, 0% used [0x00000007bde80000,0x00000007bde80000,0x00000007bef00000)
 ParOldGen       total 221696K, used 173735K [0x00000006c2000000, 0x00000006cf880000, 0x000000076b580000)
  object space 221696K, 78% used [0x00000006c2000000,0x00000006cc9a9c30,0x00000006cf880000)
 Metaspace       used 46714K, capacity 49164K, committed 49320K, reserved 1091584K
  class space    used 5507K, capacity 6564K, committed 6576K, reserved 1048576K
Event: 14.407 GC heap after
Heap after GC invocations=49 (full 2):
 PSYoungGen      total 1369600K, used 448K [0x000000076b580000, 0x00000007c0000000, 0x00000007c0000000)
  eden space 1352704K, 0% used [0x000000076b580000,0x000000076b580000,0x00000007bde80000)
  from space 16896K, 2% used [0x00000007bde80000,0x00000007bdef0000,0x00000007bef00000)
  to   space 16384K, 0% used [0x00000007bf000000,0x00000007bf000000,0x00000007c0000000)
 ParOldGen       total 221696K, used 183468K [0x00000006c2000000, 0x00000006cf880000, 0x000000076b580000)
  object space 221696K, 82% used [0x00000006c2000000,0x00000006cd32b160,0x00000006cf880000)
 Metaspace       used 46714K, capacity 49164K, committed 49320K, reserved 1091584K
  class space    used 5507K, capacity 6564K, committed 6576K, reserved 1048576K
}
Event: 14.498 GC heap before
{Heap before GC invocations=50 (full 2):
 PSYoungGen      total 1369600K, used 1353152K [0x000000076b580000, 0x00000007c0000000, 0x00000007c0000000)
  eden space 1352704K, 100% used [0x000000076b580000,0x00000007bde80000,0x00000007bde80000)
  from space 16896K, 2% used [0x00000007bde80000,0x00000007bdef0000,0x00000007bef00000)
  to   space 16384K, 0% used [0x00000007bf000000,0x00000007bf000000,0x00000007c0000000)
 ParOldGen       total 221696K, used 183468K [0x00000006c2000000, 0x00000006cf880000, 0x000000076b580000)
  object space 221696K, 82% used [0x00000006c2000000,0x00000006cd32b160,0x00000006cf880000)
 Metaspace       used 46718K, capacity 49164K, committed 49320K, reserved 1091584K
  class space    used 5507K, capacity 6564K, committed 6576K, reserved 1048576K
Event: 14.501 GC heap after
Heap after GC invocations=50 (full 2):
 PSYoungGen      total 1368576K, used 384K [0x000000076b580000, 0x00000007bfe80000, 0x00000007c0000000)
  eden space 1353728K, 0% used [0x000000076b580000,0x000000076b580000,0x00000007bdf80000)
  from space 14848K, 2% used [0x00000007bf000000,0x00000007bf060000,0x00000007bfe80000)
  to   space 15872K, 0% used [0x00000007bdf80000,0x00000007bdf80000,0x00000007bef00000)
 ParOldGen       total 221696K, used 183484K [0x00000006c2000000, 0x00000006cf880000, 0x000000076b580000)
  object space 221696K, 82% used [0x00000006c2000000,0x00000006cd32f160,0x00000006cf880000)
 Metaspace       used 46718K, capacity 49164K, committed 49320K, reserved 1091584K
  class space    used 5507K, capacity 6564K, committed 6576K, reserved 1048576K
}
Event: 14.560 GC heap before
{Heap before GC invocations=51 (full 2):
 PSYoungGen      total 1368576K, used 1354112K [0x000000076b580000, 0x00000007bfe80000, 0x00000007c0000000)
  eden space 1353728K, 100% used [0x000000076b580000,0x00000007bdf80000,0x00000007bdf80000)
  from space 14848K, 2% used [0x00000007bf000000,0x00000007bf060000,0x00000007bfe80000)
  to   space 15872K, 0% used [0x00000007bdf80000,0x00000007bdf80000,0x00000007bef00000)
 ParOldGen       total 221696K, used 183484K [0x00000006c2000000, 0x00000006cf880000, 0x000000076b580000)
  object space 221696K, 82% used [0x00000006c2000000,0x00000006cd32f160,0x00000006cf880000)
 Metaspace       used 46718K, capacity 49164K, committed 49320K, reserved 1091584K
  class space    used 5507K, capacity 6564K, committed 6576K, reserved 1048576K
Event: 14.562 GC heap after
Heap after GC invocations=51 (full 2):
 PSYoungGen      total 1369600K, used 256K [0x000000076b580000, 0x00000007c0000000, 0x00000007c0000000)
  eden space 1353728K, 0% used [0x000000076b580000,0x000000076b580000,0x00000007bdf80000)
  from space 15872K, 1% used [0x00000007bdf80000,0x00000007bdfc0000,0x00000007bef00000)
  to   space 15360K, 0% used [0x00000007bf100000,0x00000007bf100000,0x00000007c0000000)
 ParOldGen       total 221696K, used 183492K [0x00000006c2000000, 0x00000006cf880000, 0x000000076b580000)
  object space 221696K, 82% used [0x00000006c2000000,0x00000006cd331160,0x00000006cf880000)
 Metaspace       used 46718K, capacity 49164K, committed 49320K, reserved 1091584K
  class space    used 5507K, capacity 6564K, committed 6576K, reserved 1048576K
}
Event: 15.905 GC heap before
{Heap before GC invocations=52 (full 2):
 PSYoungGen      total 1369600K, used 1353984K [0x000000076b580000, 0x00000007c0000000, 0x00000007c0000000)
  eden space 1353728K, 100% used [0x000000076b580000,0x00000007bdf80000,0x00000007bdf80000)
  from space 15872K, 1% used [0x00000007bdf80000,0x00000007bdfc0000,0x00000007bef00000)
  to   space 15360K, 0% used [0x00000007bf100000,0x00000007bf100000,0x00000007c0000000)
 ParOldGen       total 221696K, used 183492K [0x00000006c2000000, 0x00000006cf880000, 0x000000076b580000)
  object space 221696K, 82% used [0x00000006c2000000,0x00000006cd331160,0x00000006cf880000)
 Metaspace       used 47357K, capacity 49936K, committed 50216K, reserved 1093632K
  class space    used 5544K, capacity 6602K, committed 6704K, reserved 1048576K
Event: 15.978 GC heap after
Heap after GC invocations=52 (full 2):
 PSYoungGen      total 1305088K, used 15360K [0x000000076b580000, 0x00000007c0000000, 0x00000007c0000000)
  eden space 1289728K, 0% used [0x000000076b580000,0x000000076b580000,0x00000007ba100000)
  from space 15360K, 100% used [0x00000007bf100000,0x00000007c0000000,0x00000007c0000000)
  to   space 48640K, 0% used [0x00000007ba100000,0x00000007ba100000,0x00000007bd080000)
 ParOldGen       total 264704K, used 264183K [0x00000006c2000000, 0x00000006d2280000, 0x000000076b580000)
  object space 264704K, 99% used [0x00000006c2000000,0x00000006d21fdf80,0x00000006d2280000)
 Metaspace       used 47357K, capacity 49936K, committed 50216K, reserved 1093632K
  class space    used 5544K, capacity 6602K, committed 6704K, reserved 1048576K
}
Event: 15.978 GC heap before
{Heap before GC invocations=53 (full 3):
 PSYoungGen      total 1305088K, used 15360K [0x000000076b580000, 0x00000007c0000000, 0x00000007c0000000)
  eden space 1289728K, 0% used [0x000000076b580000,0x000000076b580000,0x00000007ba100000)
  from space 15360K, 100% used [0x00000007bf100000,0x00000007c0000000,0x00000007c0000000)
  to   space 48640K, 0% used [0x00000007ba100000,0x00000007ba100000,0x00000007bd080000)
 ParOldGen       total 264704K, used 264183K [0x00000006c2000000, 0x00000006d2280000, 0x000000076b580000)
  object space 264704K, 99% used [0x00000006c2000000,0x00000006d21fdf80,0x00000006d2280000)
 Metaspace       used 47357K, capacity 49936K, committed 50216K, reserved 1093632K
  class space    used 5544K, capacity 6602K, committed 6704K, reserved 1048576K
Event: 16.357 GC heap after
Heap after GC invocations=53 (full 3):
 PSYoungGen      total 1305088K, used 0K [0x000000076b580000, 0x00000007c0000000, 0x00000007c0000000)
  eden space 1289728K, 0% used [0x000000076b580000,0x000000076b580000,0x00000007ba100000)
  from space 15360K, 0% used [0x00000007bf100000,0x00000007bf100000,0x00000007c0000000)
  to   space 48640K, 0% used [0x00000007ba100000,0x00000007ba100000,0x00000007bd080000)
 ParOldGen       total 264704K, used 210245K [0x00000006c2000000, 0x00000006d2280000, 0x000000076b580000)
  object space 264704K, 79% used [0x00000006c2000000,0x00000006ced51550,0x00000006d2280000)
 Metaspace       used 47357K, capacity 49936K, committed 50216K, reserved 1093632K
  class space    used 5544K, capacity 6602K, committed 6704K, reserved 1048576K
}

